2025/07/15 12:29:41 The App is running in development env
2025/07/15 12:29:41 ✅ Connected to SQLite database successfully with Ent
[GIN-debug] [WARNING] Creating an Engine instance with the Logger and Recovery middleware already attached.

[GIN-debug] [WARNING] Running in "debug" mode. Switch to "release" mode in production.
 - using env:	export GIN_MODE=release
 - using code:	gin.SetMode(gin.ReleaseMode)

2025/07/15 12:29:41 Policy: p : [[admin system manage] [admin * *] [admin user manage] [admin role manage] [admin permission manage] [project_admin project *] [project_admin package *] [project_admin file *] [project_admin user view] [project_admin group manage] [project_admin permission view] [developer project view] [developer package view] [developer package create] [developer package edit] [developer package delete] [developer file view] [developer file create] [developer file edit] [developer file delete] [viewer project view] [viewer package view] [viewer file view] [viewer dashboard view] [tester project view] [tester package view] [tester file view] [tester package test] [tester file test] [project_admin project create] [project_admin project edit] [project_admin project delete] [project_admin project manage] [package_admin package *] [package_admin file *] [package_admin project view] [admin sidebar dashboard] [admin sidebar projects] [admin sidebar packages] [admin sidebar users] [admin sidebar groups] [admin sidebar permissions] [admin sidebar settings] [admin sidebar upgrade] [project_admin sidebar dashboard] [project_admin sidebar projects] [project_admin sidebar packages] [project_admin sidebar users] [project_admin sidebar groups] [project_admin sidebar permissions] [developer sidebar dashboard] [developer sidebar projects] [developer sidebar packages] [viewer sidebar dashboard] [viewer sidebar projects] [viewer sidebar packages] [tester sidebar dashboard] [tester sidebar projects] [tester sidebar packages]]
g : [[d1qc188rvcu6e2k3b9c0 admin]]

2025/07/15 12:29:41 Casbin 权限管理器初始化成功
[GIN-debug] POST   /api/v1/login             --> pkms/api/controller.(*LoginController).Login-fm (4 handlers)
[GIN-debug] POST   /api/v1/refresh           --> pkms/api/controller.(*RefreshTokenController).RefreshToken-fm (4 handlers)
[GIN-debug] POST   /api/v1/casbin/policies   --> pkms/api/controller.(*CasbinController).AddPolicy-fm (5 handlers)
[GIN-debug] DELETE /api/v1/casbin/policies   --> pkms/api/controller.(*CasbinController).RemovePolicy-fm (5 handlers)
[GIN-debug] GET    /api/v1/casbin/policies   --> pkms/api/controller.(*CasbinController).GetAllPolicies-fm (5 handlers)
[GIN-debug] POST   /api/v1/casbin/policies/check --> pkms/api/controller.(*CasbinController).CheckPermission-fm (5 handlers)
[GIN-debug] DELETE /api/v1/casbin/policies/clear --> pkms/api/controller.(*CasbinController).ClearAllPolicies-fm (5 handlers)
[GIN-debug] POST   /api/v1/casbin/roles      --> pkms/api/controller.(*CasbinController).AddRole-fm (5 handlers)
[GIN-debug] DELETE /api/v1/casbin/roles      --> pkms/api/controller.(*CasbinController).RemoveRole-fm (5 handlers)
[GIN-debug] GET    /api/v1/casbin/roles      --> pkms/api/controller.(*CasbinController).GetAllRoles-fm (5 handlers)
[GIN-debug] GET    /api/v1/casbin/roles/names --> pkms/api/controller.(*CasbinController).GetAllRoleNames-fm (5 handlers)
[GIN-debug] GET    /api/v1/casbin/roles/:role/users --> pkms/api/controller.(*CasbinController).GetRoleUsers-fm (5 handlers)
[GIN-debug] GET    /api/v1/casbin/roles/:role/permissions --> pkms/api/controller.(*CasbinController).GetRolePermissions-fm (5 handlers)
[GIN-debug] DELETE /api/v1/casbin/roles/clear --> pkms/api/controller.(*CasbinController).ClearAllRoles-fm (5 handlers)
[GIN-debug] POST   /api/v1/casbin/role-policies --> pkms/api/controller.(*CasbinController).AddRolePolicy-fm (5 handlers)
[GIN-debug] DELETE /api/v1/casbin/role-policies --> pkms/api/controller.(*CasbinController).RemoveRolePolicy-fm (5 handlers)
[GIN-debug] GET    /api/v1/casbin/users/:user_id/permissions --> pkms/api/controller.(*CasbinController).GetUserPermissions-fm (5 handlers)
[GIN-debug] GET    /api/v1/casbin/users/:user_id/roles --> pkms/api/controller.(*CasbinController).GetUserRoles-fm (5 handlers)
[GIN-debug] GET    /api/v1/casbin/sidebar/permissions --> pkms/api/controller.(*CasbinController).GetSidebarPermissions-fm (5 handlers)
[GIN-debug] GET    /api/v1/casbin/project/permissions --> pkms/api/controller.(*CasbinController).GetProjectPermissions-fm (5 handlers)
[GIN-debug] GET    /api/v1/casbin/package/permissions --> pkms/api/controller.(*CasbinController).GetPackagePermissions-fm (5 handlers)
[GIN-debug] GET    /api/v1/casbin/objects    --> pkms/api/controller.(*CasbinController).GetAllObjects-fm (5 handlers)
[GIN-debug] GET    /api/v1/casbin/actions    --> pkms/api/controller.(*CasbinController).GetAllActions-fm (5 handlers)
[GIN-debug] POST   /api/v1/casbin/initialize --> pkms/api/controller.(*CasbinController).InitializePolicies-fm (5 handlers)
[GIN-debug] POST   /api/v1/casbin/reload     --> pkms/api/controller.(*CasbinController).ReloadPolicies-fm (5 handlers)
[GIN-debug] GET    /api/v1/projects/         --> pkms/api/controller.(*ProjectController).GetProjects-fm (6 handlers)
[GIN-debug] POST   /api/v1/projects/         --> pkms/api/controller.(*ProjectController).CreateProject-fm (6 handlers)
[GIN-debug] GET    /api/v1/projects/:id      --> pkms/api/controller.(*ProjectController).GetProject-fm (6 handlers)
[GIN-debug] PUT    /api/v1/projects/:id      --> pkms/api/controller.(*ProjectController).UpdateProject-fm (6 handlers)
[GIN-debug] DELETE /api/v1/projects/:id      --> pkms/api/controller.(*ProjectController).DeleteProject-fm (6 handlers)
[GIN-debug] GET    /api/v1/projects/:id/packages --> pkms/api/controller.(*ProjectController).GetProjectPackages-fm (6 handlers)
[GIN-debug] GET    /api/v1/projects/:id/members --> pkms/api/controller.(*ProjectController).GetProjectMembers-fm (6 handlers)
[GIN-debug] POST   /api/v1/projects/:id/members --> pkms/api/controller.(*ProjectController).AddProjectMember-fm (6 handlers)
[GIN-debug] DELETE /api/v1/projects/:id/members/:userId --> pkms/api/controller.(*ProjectController).RemoveProjectMember-fm (6 handlers)
[GIN-debug] GET    /api/v1/packages/         --> pkms/api/controller.(*PackageController).GetPackages-fm (6 handlers)
[GIN-debug] POST   /api/v1/packages/         --> pkms/api/controller.(*PackageController).CreatePackage-fm (6 handlers)
[GIN-debug] GET    /api/v1/packages/:id      --> pkms/api/controller.(*PackageController).GetPackage-fm (6 handlers)
[GIN-debug] DELETE /api/v1/packages/:id      --> pkms/api/controller.(*PackageController).DeletePackage-fm (6 handlers)
[GIN-debug] POST   /api/v1/packages/upload   --> pkms/api/controller.(*PackageController).UploadPackage-fm (6 handlers)
[GIN-debug] GET    /api/v1/packages/:id/download --> pkms/api/controller.(*PackageController).DownloadPackage-fm (6 handlers)
[GIN-debug] GET    /api/v1/packages/:id/versions --> pkms/api/controller.(*PackageController).GetPackageVersions-fm (6 handlers)
[GIN-debug] POST   /api/v1/packages/:id/share --> pkms/api/controller.(*PackageController).CreateShareLink-fm (6 handlers)
[GIN-debug] GET    /api/v1/packages/project/:projectId --> pkms/api/controller.(*PackageController).GetProjectPackages-fm (6 handlers)
[GIN-debug] GET    /api/v1/users/            --> pkms/api/controller.(*UserController).GetUsers-fm (6 handlers)
[GIN-debug] POST   /api/v1/users/            --> pkms/api/controller.(*UserController).CreateUser-fm (6 handlers)
[GIN-debug] GET    /api/v1/users/:id         --> pkms/api/controller.(*UserController).GetUser-fm (6 handlers)
[GIN-debug] PUT    /api/v1/users/:id         --> pkms/api/controller.(*UserController).UpdateUser-fm (6 handlers)
[GIN-debug] DELETE /api/v1/users/:id         --> pkms/api/controller.(*UserController).DeleteUser-fm (6 handlers)
[GIN-debug] GET    /api/v1/users/:id/projects --> pkms/api/controller.(*UserController).GetUserProjects-fm (6 handlers)
[GIN-debug] GET    /api/v1/users/:id/groups  --> pkms/api/controller.(*UserController).GetUserGroups-fm (6 handlers)
[GIN-debug] POST   /api/v1/users/:id/projects --> pkms/api/controller.(*UserController).AssignUserToProject-fm (6 handlers)
[GIN-debug] DELETE /api/v1/users/:id/projects/:projectId --> pkms/api/controller.(*UserController).UnassignUserFromProject-fm (6 handlers)
[GIN-debug] GET    /api/v1/users/profile     --> pkms/api/controller.(*UserController).GetProfile-fm (6 handlers)
[GIN-debug] PUT    /api/v1/users/profile     --> pkms/api/controller.(*UserController).UpdateProfile-fm (6 handlers)
[GIN-debug] GET    /api/v1/dashboard/stats   --> pkms/api/controller.(*DashboardController).GetStats-fm (5 handlers)
[GIN-debug] GET    /api/v1/dashboard/activities --> pkms/api/controller.(*DashboardController).GetRecentActivities-fm (5 handlers)
[GIN-debug] GET    /api/v1/dashboard/charts/packages --> pkms/api/controller.(*DashboardController).GetPackageChartData-fm (5 handlers)
[GIN-debug] GET    /api/v1/dashboard/charts/users --> pkms/api/controller.(*DashboardController).GetUserChartData-fm (5 handlers)
[GIN-debug] GET    /api/v1/dashboard/charts/downloads --> pkms/api/controller.(*DashboardController).GetDownloadChartData-fm (5 handlers)
[GIN-debug] GET    /api/v1/group/            --> pkms/api/controller.(*GroupController).GetGroups-fm (6 handlers)
[GIN-debug] POST   /api/v1/group/            --> pkms/api/controller.(*GroupController).CreateGroup-fm (6 handlers)
[GIN-debug] GET    /api/v1/group/:id         --> pkms/api/controller.(*GroupController).GetGroup-fm (6 handlers)
[GIN-debug] PUT    /api/v1/group/:id         --> pkms/api/controller.(*GroupController).UpdateGroup-fm (6 handlers)
[GIN-debug] DELETE /api/v1/group/:id         --> pkms/api/controller.(*GroupController).DeleteGroup-fm (6 handlers)
[GIN-debug] GET    /api/v1/group/:id/members --> pkms/api/controller.(*GroupController).GetGroupMembers-fm (6 handlers)
[GIN-debug] POST   /api/v1/group/:id/members --> pkms/api/controller.(*GroupController).AddGroupMember-fm (6 handlers)
[GIN-debug] DELETE /api/v1/group/:id/members/:userId --> pkms/api/controller.(*GroupController).RemoveGroupMember-fm (6 handlers)
[GIN-debug] GET    /api/v1/group/:id/permissions --> pkms/api/controller.(*GroupController).GetGroupPermissions-fm (6 handlers)
[GIN-debug] POST   /api/v1/group/:id/permissions --> pkms/api/controller.(*GroupController).SetGroupPermissions-fm (6 handlers)
[GIN-debug] GET    /api/v1/permission/users/:userId --> pkms/api/controller.(*PermissionsController).GetUserPermissions-fm (6 handlers)
[GIN-debug] POST   /api/v1/permission/users/:userId --> pkms/api/controller.(*PermissionsController).SetUserPermissions-fm (6 handlers)
[GIN-debug] DELETE /api/v1/permission/users/:userId/projects/:projectId --> pkms/api/controller.(*PermissionsController).RemoveUserPermission-fm (6 handlers)
[GIN-debug] GET    /api/v1/permission/groups/:groupId --> pkms/api/controller.(*PermissionsController).GetGroupPermissions-fm (6 handlers)
[GIN-debug] POST   /api/v1/permission/groups/:groupId --> pkms/api/controller.(*PermissionsController).SetGroupPermissions-fm (6 handlers)
[GIN-debug] DELETE /api/v1/permission/groups/:groupId/projects/:projectId --> pkms/api/controller.(*PermissionsController).RemoveGroupPermission-fm (6 handlers)
[GIN-debug] GET    /api/v1/permission/projects/:projectId --> pkms/api/controller.(*PermissionsController).GetProjectPermissions-fm (6 handlers)
[GIN-debug] POST   /api/v1/permission/check  --> pkms/api/controller.(*PermissionsController).CheckPermission-fm (6 handlers)
[GIN-debug] GET    /api/v1/upgrade/check/:packageId --> pkms/api/controller.(*UpgradeController).CheckUpgrade-fm (6 handlers)
[GIN-debug] POST   /api/v1/upgrade/perform/:packageId --> pkms/api/controller.(*UpgradeController).PerformUpgrade-fm (6 handlers)
[GIN-debug] GET    /api/v1/upgrade/history/:packageId --> pkms/api/controller.(*UpgradeController).GetUpgradeHistory-fm (6 handlers)
[GIN-debug] GET    /api/v1/upgrade/available/:projectId --> pkms/api/controller.(*UpgradeController).GetAvailableUpgrades-fm (6 handlers)
[GIN-debug] GET    /api/v1/upgrade/status/:upgradeId --> pkms/api/controller.(*UpgradeController).GetUpgradeStatus-fm (6 handlers)
[GIN-debug] POST   /api/v1/upgrade/cancel/:upgradeId --> pkms/api/controller.(*UpgradeController).CancelUpgrade-fm (6 handlers)
[GIN-debug] GET    /api/v1/file              --> pkms/api/controller.(*FileController).List-fm (6 handlers)
[GIN-debug] POST   /api/v1/file/upload       --> pkms/api/controller.(*FileController).Upload-fm (6 handlers)
[GIN-debug] GET    /api/v1/file/download/:name --> pkms/api/controller.(*FileController).Download-fm (6 handlers)
[GIN-debug] GET    /api/v1/file/stream       --> pkms/api/controller.(*FileController).DownloadWithProgress-fm (6 handlers)
[GIN-debug] DELETE /api/v1/file              --> pkms/api/controller.(*FileController).Delete-fm (6 handlers)
[GIN-debug] GET    /api/v1/file/info/:name   --> pkms/api/controller.(*FileController).GetObjectInfo-fm (6 handlers)
[GIN-debug] Listening and serving HTTP on :8080
$2a$10$9R7OF113dS83scgueO4Kturd93EdUJAs4EjwWzTBUKizX5KrVu8d.
[GIN] 2025/07/15 - 12:29:42 | 200 |   91.897042ms |             ::1 | POST     "/api/v1/login"
2025/07/15 12:29:42 Request: d1qc188rvcu6e2k3b9c0, sidebar, dashboard ---> true
Hit Policy: 
2025/07/15 12:29:42 Request: d1qc188rvcu6e2k3b9c0, sidebar, projects ---> true
Hit Policy: 
2025/07/15 12:29:42 Request: d1qc188rvcu6e2k3b9c0, sidebar, packages ---> true
Hit Policy: 
2025/07/15 12:29:42 Request: d1qc188rvcu6e2k3b9c0, sidebar, users ---> true
Hit Policy: 
2025/07/15 12:29:42 Request: d1qc188rvcu6e2k3b9c0, sidebar, groups ---> true
Hit Policy: 
2025/07/15 12:29:42 Request: d1qc188rvcu6e2k3b9c0, sidebar, permissions ---> true
Hit Policy: 
2025/07/15 12:29:42 Request: d1qc188rvcu6e2k3b9c0, sidebar, settings ---> true
Hit Policy: 
2025/07/15 12:29:42 Request: d1qc188rvcu6e2k3b9c0, sidebar, upgrade ---> true
Hit Policy: 
[GIN] 2025/07/15 - 12:29:42 | 200 |     746.583µs |             ::1 | GET      "/api/v1/casbin/sidebar/permissions"
[GIN] 2025/07/15 - 12:29:49 | 200 |    1.417458ms |             ::1 | GET      "/"
2025/07/15 12:34:51 Request: d1qc188rvcu6e2k3b9c0, project, view ---> true
Hit Policy: 
2025/07/15 12:34:51 Request: d1qc188rvcu6e2k3b9c0, package, view ---> true
Hit Policy: 
[GIN] 2025/07/15 - 12:34:52 | 200 |   73.831792ms |             ::1 | GET      "/api/v1/projects/"
[GIN] 2025/07/15 - 12:34:52 | 200 |   91.914666ms |             ::1 | GET      "/api/v1/packages/"
[GIN] 2025/07/15 - 12:39:08 | 200 |     164.625µs |             ::1 | GET      "/"
[GIN] 2025/07/15 - 12:39:08 | 200 |     161.334µs |             ::1 | GET      "/assets/index-BtZH3b3Y.css"
[GIN] 2025/07/15 - 12:39:08 | 200 |    5.744542ms |             ::1 | GET      "/assets/index-I1ajmIHM.js"
2025/07/15 12:39:08 Request: d1qc188rvcu6e2k3b9c0, sidebar, dashboard ---> true
Hit Policy: 
2025/07/15 12:39:08 Request: d1qc188rvcu6e2k3b9c0, package, view ---> true
Hit Policy: 
2025/07/15 12:39:08 Request: d1qc188rvcu6e2k3b9c0, sidebar, projects ---> true
Hit Policy: 
[GIN] 2025/07/15 - 12:39:08 | 200 |         461µs |             ::1 | GET      "/api/v1/packages/"
2025/07/15 12:39:08 Request: d1qc188rvcu6e2k3b9c0, sidebar, packages ---> true
Hit Policy: 
2025/07/15 12:39:08 Request: d1qc188rvcu6e2k3b9c0, sidebar, users ---> true
Hit Policy: 
2025/07/15 12:39:08 Request: d1qc188rvcu6e2k3b9c0, sidebar, groups ---> true
Hit Policy: 
2025/07/15 12:39:08 Request: d1qc188rvcu6e2k3b9c0, sidebar, permissions ---> true
Hit Policy: 
2025/07/15 12:39:08 Request: d1qc188rvcu6e2k3b9c0, sidebar, settings ---> true
Hit Policy: 
2025/07/15 12:39:08 Request: d1qc188rvcu6e2k3b9c0, sidebar, upgrade ---> true
Hit Policy: 
[GIN] 2025/07/15 - 12:39:08 | 200 |     857.834µs |             ::1 | GET      "/api/v1/casbin/sidebar/permissions"
2025/07/15 12:39:08 Request: d1qc188rvcu6e2k3b9c0, project, view ---> true
Hit Policy: 
[GIN] 2025/07/15 - 12:39:08 | 200 |    1.449958ms |             ::1 | GET      "/api/v1/projects/"
2025/07/15 12:39:08 Request: d1qc188rvcu6e2k3b9c0, user, view ---> true
Hit Policy: 
[GIN] 2025/07/15 - 12:39:08 | 200 |    1.190542ms |             ::1 | GET      "/api/v1/users/profile"
2025/07/15 12:39:08 Request: d1qc188rvcu6e2k3b9c0, sidebar, dashboard ---> true
Hit Policy: 
2025/07/15 12:39:08 Request: d1qc188rvcu6e2k3b9c0, sidebar, projects ---> true
Hit Policy: 
2025/07/15 12:39:08 Request: d1qc188rvcu6e2k3b9c0, sidebar, packages ---> true
Hit Policy: 
2025/07/15 12:39:08 Request: d1qc188rvcu6e2k3b9c0, package, view ---> true
Hit Policy: 
2025/07/15 12:39:08 Request: d1qc188rvcu6e2k3b9c0, sidebar, users ---> true
Hit Policy: 
[GIN] 2025/07/15 - 12:39:08 | 200 |     109.208µs |             ::1 | GET      "/api/v1/packages/"
2025/07/15 12:39:08 Request: d1qc188rvcu6e2k3b9c0, sidebar, groups ---> true
Hit Policy: 
2025/07/15 12:39:08 Request: d1qc188rvcu6e2k3b9c0, sidebar, permissions ---> true
Hit Policy: 
2025/07/15 12:39:08 Request: d1qc188rvcu6e2k3b9c0, sidebar, settings ---> true
Hit Policy: 
2025/07/15 12:39:08 Request: d1qc188rvcu6e2k3b9c0, sidebar, upgrade ---> true
Hit Policy: 
[GIN] 2025/07/15 - 12:39:08 | 200 |     593.375µs |             ::1 | GET      "/api/v1/casbin/sidebar/permissions"
2025/07/15 12:39:08 Request: d1qc188rvcu6e2k3b9c0, project, view ---> true
Hit Policy: 
[GIN] 2025/07/15 - 12:39:08 | 200 |     416.375µs |             ::1 | GET      "/api/v1/projects/"
